file;4;BASELIB.C;file;BASELIB.C;;none;1;1374;516;def;db6f2b08;;file;5;/c/msdev/include/time.h;file;/c/msdev/include/time.h;;none;1;326;326;def;faa2b983;;2;
file;4;BASELIB.C;file;BASELIB.C;;none;1;1374;516;def;db6f2b08;;file;6;/c/msdev/include/stdio.h;file;/c/msdev/include/stdio.h;;none;1;532;532;def;b64df2c8;;1;
file;255;CAND.C;file;CAND.C;;none;1;792;104;def;f5218dda;;file;256;repout.h;file;repout.h;;none;1;6;6;def;e92515ec;;14;
file;255;CAND.C;file;CAND.C;;none;1;792;104;def;f5218dda;;file;253;longrp.h;file;longrp.h;;none;1;5;5;def;463f06bb;;9;
file;255;CAND.C;file;CAND.C;;none;1;792;104;def;f5218dda;;file;257;offnam.h;file;offnam.h;;none;1;6;6;def;d9cc6752;;11;
file;255;CAND.C;file;CAND.C;;none;1;792;104;def;f5218dda;;file;260;precvt.h;file;precvt.h;;none;1;13;13;def;ad0a44d5;;13;
file;255;CAND.C;file;CAND.C;;none;1;792;104;def;f5218dda;;file;263;weltab.h;file;weltab.h;;none;1;36;36;def;4552e6f4;;3;
file;255;CAND.C;file;CAND.C;;none;1;792;104;def;f5218dda;;file;264;precin.h;file;precin.h;;none;1;19;19;def;f8a60ff;;12;
file;255;CAND.C;file;CAND.C;;none;1;792;104;def;f5218dda;;file;262;dcand.h;file;dcand.h;;none;1;5;5;def;fc7fe2;;8;
file;255;CAND.C;file;CAND.C;;none;1;792;104;def;f5218dda;;file;254;unitinfo.h;file;unitinfo.h;;none;1;12;12;def;e1bc7950;;15;
file;255;CAND.C;file;CAND.C;;none;1;792;104;def;f5218dda;;file;261;office.h;file;office.h;;none;1;35;35;def;afd88735;;10;
file;255;CAND.C;file;CAND.C;;none;1;792;104;def;f5218dda;;file;259;candnm.h;file;candnm.h;;none;1;5;5;def;df526b22;;6;
file;255;CAND.C;file;CAND.C;;none;1;792;104;def;f5218dda;;file;258;cardrd.h;file;cardrd.h;;none;1;5;5;def;33ebe48f;;7;
file;255;CAND.C;file;CAND.C;;none;1;792;104;def;f5218dda;;file;252;filedecl.h;file;filedecl.h;;none;1;9;9;def;3acabaac;;4;
file;255;CAND.C;file;CAND.C;;none;1;792;104;def;f5218dda;;file;6;/c/msdev/include/stdio.h;file;/c/msdev/include/stdio.h;;none;1;532;532;def;b64df2c8;;2;
file;380;CANV.C;file;CANV.C;;none;1;1221;519;def;6252a92a;;file;257;offnam.h;file;offnam.h;;none;1;6;6;def;d9cc6752;;11;
file;380;CANV.C;file;CANV.C;;none;1;1221;519;def;6252a92a;;file;264;precin.h;file;precin.h;;none;1;19;19;def;f8a60ff;;13;
file;380;CANV.C;file;CANV.C;;none;1;1221;519;def;6252a92a;;file;253;longrp.h;file;longrp.h;;none;1;5;5;def;463f06bb;;12;
file;380;CANV.C;file;CANV.C;;none;1;1221;519;def;6252a92a;;file;263;weltab.h;file;weltab.h;;none;1;36;36;def;4552e6f4;;3;
file;380;CANV.C;file;CANV.C;;none;1;1221;519;def;6252a92a;;file;379;cumtvt.h;file;cumtvt.h;;none;1;14;14;def;3ec484c6;;8;
file;380;CANV.C;file;CANV.C;;none;1;1221;519;def;6252a92a;;file;262;dcand.h;file;dcand.h;;none;1;5;5;def;fc7fe2;;9;
file;380;CANV.C;file;CANV.C;;none;1;1221;519;def;6252a92a;;file;261;office.h;file;office.h;;none;1;35;35;def;afd88735;;10;
file;380;CANV.C;file;CANV.C;;none;1;1221;519;def;6252a92a;;file;254;unitinfo.h;file;unitinfo.h;;none;1;12;12;def;e1bc7950;;16;
file;380;CANV.C;file;CANV.C;;none;1;1221;519;def;6252a92a;;file;259;candnm.h;file;candnm.h;;none;1;5;5;def;df526b22;;6;
file;380;CANV.C;file;CANV.C;;none;1;1221;519;def;6252a92a;;file;256;repout.h;file;repout.h;;none;1;6;6;def;e92515ec;;15;
file;380;CANV.C;file;CANV.C;;none;1;1221;519;def;6252a92a;;file;258;cardrd.h;file;cardrd.h;;none;1;5;5;def;33ebe48f;;7;
file;380;CANV.C;file;CANV.C;;none;1;1221;519;def;6252a92a;;file;252;filedecl.h;file;filedecl.h;;none;1;9;9;def;3acabaac;;4;
file;380;CANV.C;file;CANV.C;;none;1;1221;519;def;6252a92a;;file;260;precvt.h;file;precvt.h;;none;1;13;13;def;ad0a44d5;;14;
file;380;CANV.C;file;CANV.C;;none;1;1221;519;def;6252a92a;;file;6;/c/msdev/include/stdio.h;file;/c/msdev/include/stdio.h;;none;1;532;532;def;b64df2c8;;2;
file;412;CCIBM.C;file;CCIBM.C;;none;1;584;52;def;280a2a8d;;file;6;/c/msdev/include/stdio.h;file;/c/msdev/include/stdio.h;;none;1;532;532;def;b64df2c8;;2;
file;422;CCIBMX.C;file;CCIBMX.C;;none;1;586;54;def;665a4d60;;file;6;/c/msdev/include/stdio.h;file;/c/msdev/include/stdio.h;;none;1;532;532;def;b64df2c8;;2;
file;432;CCIBMXP.C;file;CCIBMXP.C;;none;1;593;61;def;941b22ce;;file;6;/c/msdev/include/stdio.h;file;/c/msdev/include/stdio.h;;none;1;532;532;def;b64df2c8;;2;
file;442;CNV1.C;file;CNV1.C;;none;1;1237;535;def;cf1b51d9;;file;257;offnam.h;file;offnam.h;;none;1;6;6;def;d9cc6752;;12;
file;442;CNV1.C;file;CNV1.C;;none;1;1237;535;def;cf1b51d9;;file;264;precin.h;file;precin.h;;none;1;19;19;def;f8a60ff;;14;
file;442;CNV1.C;file;CNV1.C;;none;1;1237;535;def;cf1b51d9;;file;253;longrp.h;file;longrp.h;;none;1;5;5;def;463f06bb;;13;
file;442;CNV1.C;file;CNV1.C;;none;1;1237;535;def;cf1b51d9;;file;263;weltab.h;file;weltab.h;;none;1;36;36;def;4552e6f4;;4;
file;442;CNV1.C;file;CNV1.C;;none;1;1237;535;def;cf1b51d9;;file;379;cumtvt.h;file;cumtvt.h;;none;1;14;14;def;3ec484c6;;9;
file;442;CNV1.C;file;CNV1.C;;none;1;1237;535;def;cf1b51d9;;file;262;dcand.h;file;dcand.h;;none;1;5;5;def;fc7fe2;;10;
file;442;CNV1.C;file;CNV1.C;;none;1;1237;535;def;cf1b51d9;;file;261;office.h;file;office.h;;none;1;35;35;def;afd88735;;11;
file;442;CNV1.C;file;CNV1.C;;none;1;1237;535;def;cf1b51d9;;file;254;unitinfo.h;file;unitinfo.h;;none;1;12;12;def;e1bc7950;;17;
file;442;CNV1.C;file;CNV1.C;;none;1;1237;535;def;cf1b51d9;;file;259;candnm.h;file;candnm.h;;none;1;5;5;def;df526b22;;7;
file;442;CNV1.C;file;CNV1.C;;none;1;1237;535;def;cf1b51d9;;file;256;repout.h;file;repout.h;;none;1;6;6;def;e92515ec;;16;
file;442;CNV1.C;file;CNV1.C;;none;1;1237;535;def;cf1b51d9;;file;258;cardrd.h;file;cardrd.h;;none;1;5;5;def;33ebe48f;;8;
file;442;CNV1.C;file;CNV1.C;;none;1;1237;535;def;cf1b51d9;;file;252;filedecl.h;file;filedecl.h;;none;1;9;9;def;3acabaac;;5;
file;442;CNV1.C;file;CNV1.C;;none;1;1237;535;def;cf1b51d9;;file;260;precvt.h;file;precvt.h;;none;1;13;13;def;ad0a44d5;;15;
file;442;CNV1.C;file;CNV1.C;;none;1;1237;535;def;cf1b51d9;;file;6;/c/msdev/include/stdio.h;file;/c/msdev/include/stdio.h;;none;1;532;532;def;b64df2c8;;3;
file;465;CNV1A.C;file;CNV1A.C;;none;1;1246;544;def;e437fed5;;file;257;offnam.h;file;offnam.h;;none;1;6;6;def;d9cc6752;;13;
file;465;CNV1A.C;file;CNV1A.C;;none;1;1246;544;def;e437fed5;;file;264;precin.h;file;precin.h;;none;1;19;19;def;f8a60ff;;15;
file;465;CNV1A.C;file;CNV1A.C;;none;1;1246;544;def;e437fed5;;file;253;longrp.h;file;longrp.h;;none;1;5;5;def;463f06bb;;14;
file;465;CNV1A.C;file;CNV1A.C;;none;1;1246;544;def;e437fed5;;file;263;weltab.h;file;weltab.h;;none;1;36;36;def;4552e6f4;;5;
file;465;CNV1A.C;file;CNV1A.C;;none;1;1246;544;def;e437fed5;;file;379;cumtvt.h;file;cumtvt.h;;none;1;14;14;def;3ec484c6;;10;
file;465;CNV1A.C;file;CNV1A.C;;none;1;1246;544;def;e437fed5;;file;262;dcand.h;file;dcand.h;;none;1;5;5;def;fc7fe2;;11;
file;465;CNV1A.C;file;CNV1A.C;;none;1;1246;544;def;e437fed5;;file;261;office.h;file;office.h;;none;1;35;35;def;afd88735;;12;
file;465;CNV1A.C;file;CNV1A.C;;none;1;1246;544;def;e437fed5;;file;254;unitinfo.h;file;unitinfo.h;;none;1;12;12;def;e1bc7950;;18;
file;465;CNV1A.C;file;CNV1A.C;;none;1;1246;544;def;e437fed5;;file;259;candnm.h;file;candnm.h;;none;1;5;5;def;df526b22;;8;
file;465;CNV1A.C;file;CNV1A.C;;none;1;1246;544;def;e437fed5;;file;256;repout.h;file;repout.h;;none;1;6;6;def;e92515ec;;17;
file;465;CNV1A.C;file;CNV1A.C;;none;1;1246;544;def;e437fed5;;file;258;cardrd.h;file;cardrd.h;;none;1;5;5;def;33ebe48f;;9;
file;465;CNV1A.C;file;CNV1A.C;;none;1;1246;544;def;e437fed5;;file;252;filedecl.h;file;filedecl.h;;none;1;9;9;def;3acabaac;;6;
file;465;CNV1A.C;file;CNV1A.C;;none;1;1246;544;def;e437fed5;;file;260;precvt.h;file;precvt.h;;none;1;13;13;def;ad0a44d5;;16;
file;465;CNV1A.C;file;CNV1A.C;;none;1;1246;544;def;e437fed5;;file;6;/c/msdev/include/stdio.h;file;/c/msdev/include/stdio.h;;none;1;532;532;def;b64df2c8;;4;
file;488;CPRINT.C;file;CPRINT.C;;none;1;658;126;def;fa78fdf3;;file;6;/c/msdev/include/stdio.h;file;/c/msdev/include/stdio.h;;none;1;532;532;def;b64df2c8;;2;
file;499;CUMT.C;file;CUMT.C;;none;1;1124;422;def;691057d8;;file;257;offnam.h;file;offnam.h;;none;1;6;6;def;d9cc6752;;11;
file;499;CUMT.C;file;CUMT.C;;none;1;1124;422;def;691057d8;;file;264;precin.h;file;precin.h;;none;1;19;19;def;f8a60ff;;13;
file;499;CUMT.C;file;CUMT.C;;none;1;1124;422;def;691057d8;;file;253;longrp.h;file;longrp.h;;none;1;5;5;def;463f06bb;;12;
file;499;CUMT.C;file;CUMT.C;;none;1;1124;422;def;691057d8;;file;263;weltab.h;file;weltab.h;;none;1;36;36;def;4552e6f4;;3;
file;499;CUMT.C;file;CUMT.C;;none;1;1124;422;def;691057d8;;file;379;cumtvt.h;file;cumtvt.h;;none;1;14;14;def;3ec484c6;;8;
file;499;CUMT.C;file;CUMT.C;;none;1;1124;422;def;691057d8;;file;262;dcand.h;file;dcand.h;;none;1;5;5;def;fc7fe2;;9;
file;499;CUMT.C;file;CUMT.C;;none;1;1124;422;def;691057d8;;file;261;office.h;file;office.h;;none;1;35;35;def;afd88735;;10;
file;499;CUMT.C;file;CUMT.C;;none;1;1124;422;def;691057d8;;file;254;unitinfo.h;file;unitinfo.h;;none;1;12;12;def;e1bc7950;;16;
file;499;CUMT.C;file;CUMT.C;;none;1;1124;422;def;691057d8;;file;259;candnm.h;file;candnm.h;;none;1;5;5;def;df526b22;;6;
file;499;CUMT.C;file;CUMT.C;;none;1;1124;422;def;691057d8;;file;256;repout.h;file;repout.h;;none;1;6;6;def;e92515ec;;15;
file;499;CUMT.C;file;CUMT.C;;none;1;1124;422;def;691057d8;;file;258;cardrd.h;file;cardrd.h;;none;1;5;5;def;33ebe48f;;7;
file;499;CUMT.C;file;CUMT.C;;none;1;1124;422;def;691057d8;;file;252;filedecl.h;file;filedecl.h;;none;1;9;9;def;3acabaac;;4;
file;499;CUMT.C;file;CUMT.C;;none;1;1124;422;def;691057d8;;file;260;precvt.h;file;precvt.h;;none;1;13;13;def;ad0a44d5;;14;
file;499;CUMT.C;file;CUMT.C;;none;1;1124;422;def;691057d8;;file;6;/c/msdev/include/stdio.h;file;/c/msdev/include/stdio.h;;none;1;532;532;def;b64df2c8;;2;
file;512;EJCN88.C;file;EJCN88.C;;none;1;1218;501;def;df2ef683;;file;253;longrp.h;file;longrp.h;;none;1;5;5;def;463f06bb;;12;
file;512;EJCN88.C;file;EJCN88.C;;none;1;1218;501;def;df2ef683;;file;513;state.h;file;state.h;;none;1;15;15;def;cf39c83f;;16;
file;512;EJCN88.C;file;EJCN88.C;;none;1;1218;501;def;df2ef683;;file;379;cumtvt.h;file;cumtvt.h;;none;1;14;14;def;3ec484c6;;8;
file;512;EJCN88.C;file;EJCN88.C;;none;1;1218;501;def;df2ef683;;file;262;dcand.h;file;dcand.h;;none;1;5;5;def;fc7fe2;;9;
file;512;EJCN88.C;file;EJCN88.C;;none;1;1218;501;def;df2ef683;;file;261;office.h;file;office.h;;none;1;35;35;def;afd88735;;10;
file;512;EJCN88.C;file;EJCN88.C;;none;1;1218;501;def;df2ef683;;file;256;repout.h;file;repout.h;;none;1;6;6;def;e92515ec;;15;
file;512;EJCN88.C;file;EJCN88.C;;none;1;1218;501;def;df2ef683;;file;254;unitinfo.h;file;unitinfo.h;;none;1;12;12;def;e1bc7950;;19;
file;512;EJCN88.C;file;EJCN88.C;;none;1;1218;501;def;df2ef683;;file;259;candnm.h;file;candnm.h;;none;1;5;5;def;df526b22;;6;
file;512;EJCN88.C;file;EJCN88.C;;none;1;1218;501;def;df2ef683;;file;260;precvt.h;file;precvt.h;;none;1;13;13;def;ad0a44d5;;14;
file;512;EJCN88.C;file;EJCN88.C;;none;1;1218;501;def;df2ef683;;file;258;cardrd.h;file;cardrd.h;;none;1;5;5;def;33ebe48f;;7;
file;512;EJCN88.C;file;EJCN88.C;;none;1;1218;501;def;df2ef683;;file;252;filedecl.h;file;filedecl.h;;none;1;9;9;def;3acabaac;;4;
file;512;EJCN88.C;file;EJCN88.C;;none;1;1218;501;def;df2ef683;;file;263;weltab.h;file;weltab.h;;none;1;36;36;def;4552e6f4;;3;
file;512;EJCN88.C;file;EJCN88.C;;none;1;1218;501;def;df2ef683;;file;257;offnam.h;file;offnam.h;;none;1;6;6;def;d9cc6752;;11;
file;512;EJCN88.C;file;EJCN88.C;;none;1;1218;501;def;df2ef683;;file;6;/c/msdev/include/stdio.h;file;/c/msdev/include/stdio.h;;none;1;532;532;def;b64df2c8;;2;
file;512;EJCN88.C;file;EJCN88.C;;none;1;1218;501;def;df2ef683;;file;264;precin.h;file;precin.h;;none;1;19;19;def;f8a60ff;;13;
file;541;FIXW.C;file;FIXW.C;;none;1;778;90;def;1760ff28;;file;256;repout.h;file;repout.h;;none;1;6;6;def;e92515ec;;14;
file;541;FIXW.C;file;FIXW.C;;none;1;778;90;def;1760ff28;;file;253;longrp.h;file;longrp.h;;none;1;5;5;def;463f06bb;;9;
file;541;FIXW.C;file;FIXW.C;;none;1;778;90;def;1760ff28;;file;257;offnam.h;file;offnam.h;;none;1;6;6;def;d9cc6752;;11;
file;541;FIXW.C;file;FIXW.C;;none;1;778;90;def;1760ff28;;file;260;precvt.h;file;precvt.h;;none;1;13;13;def;ad0a44d5;;13;
file;541;FIXW.C;file;FIXW.C;;none;1;778;90;def;1760ff28;;file;263;weltab.h;file;weltab.h;;none;1;36;36;def;4552e6f4;;3;
file;541;FIXW.C;file;FIXW.C;;none;1;778;90;def;1760ff28;;file;264;precin.h;file;precin.h;;none;1;19;19;def;f8a60ff;;12;
file;541;FIXW.C;file;FIXW.C;;none;1;778;90;def;1760ff28;;file;262;dcand.h;file;dcand.h;;none;1;5;5;def;fc7fe2;;8;
file;541;FIXW.C;file;FIXW.C;;none;1;778;90;def;1760ff28;;file;254;unitinfo.h;file;unitinfo.h;;none;1;12;12;def;e1bc7950;;15;
file;541;FIXW.C;file;FIXW.C;;none;1;778;90;def;1760ff28;;file;261;office.h;file;office.h;;none;1;35;35;def;afd88735;;10;
file;541;FIXW.C;file;FIXW.C;;none;1;778;90;def;1760ff28;;file;259;candnm.h;file;candnm.h;;none;1;5;5;def;df526b22;;6;
file;541;FIXW.C;file;FIXW.C;;none;1;778;90;def;1760ff28;;file;258;cardrd.h;file;cardrd.h;;none;1;5;5;def;33ebe48f;;7;
file;541;FIXW.C;file;FIXW.C;;none;1;778;90;def;1760ff28;;file;252;filedecl.h;file;filedecl.h;;none;1;9;9;def;3acabaac;;4;
file;541;FIXW.C;file;FIXW.C;;none;1;778;90;def;1760ff28;;file;6;/c/msdev/include/stdio.h;file;/c/msdev/include/stdio.h;;none;1;532;532;def;b64df2c8;;2;
file;551;LANS.C;file;LANS.C;;none;1;1210;493;def;f8a8848e;;file;257;offnam.h;file;offnam.h;;none;1;6;6;def;d9cc6752;;11;
file;551;LANS.C;file;LANS.C;;none;1;1210;493;def;f8a8848e;;file;264;precin.h;file;precin.h;;none;1;19;19;def;f8a60ff;;13;
file;551;LANS.C;file;LANS.C;;none;1;1210;493;def;f8a8848e;;file;253;longrp.h;file;longrp.h;;none;1;5;5;def;463f06bb;;12;
file;551;LANS.C;file;LANS.C;;none;1;1210;493;def;f8a8848e;;file;263;weltab.h;file;weltab.h;;none;1;36;36;def;4552e6f4;;3;
file;551;LANS.C;file;LANS.C;;none;1;1210;493;def;f8a8848e;;file;379;cumtvt.h;file;cumtvt.h;;none;1;14;14;def;3ec484c6;;8;
file;551;LANS.C;file;LANS.C;;none;1;1210;493;def;f8a8848e;;file;262;dcand.h;file;dcand.h;;none;1;5;5;def;fc7fe2;;9;
file;551;LANS.C;file;LANS.C;;none;1;1210;493;def;f8a8848e;;file;261;office.h;file;office.h;;none;1;35;35;def;afd88735;;10;
file;551;LANS.C;file;LANS.C;;none;1;1210;493;def;f8a8848e;;file;513;state.h;file;state.h;;none;1;15;15;def;cf39c83f;;16;
file;551;LANS.C;file;LANS.C;;none;1;1210;493;def;f8a8848e;;file;259;candnm.h;file;candnm.h;;none;1;5;5;def;df526b22;;6;
file;551;LANS.C;file;LANS.C;;none;1;1210;493;def;f8a8848e;;file;256;repout.h;file;repout.h;;none;1;6;6;def;e92515ec;;15;
file;551;LANS.C;file;LANS.C;;none;1;1210;493;def;f8a8848e;;file;258;cardrd.h;file;cardrd.h;;none;1;5;5;def;33ebe48f;;7;
file;551;LANS.C;file;LANS.C;;none;1;1210;493;def;f8a8848e;;file;254;unitinfo.h;file;unitinfo.h;;none;1;12;12;def;e1bc7950;;19;
file;551;LANS.C;file;LANS.C;;none;1;1210;493;def;f8a8848e;;file;252;filedecl.h;file;filedecl.h;;none;1;9;9;def;3acabaac;;4;
file;551;LANS.C;file;LANS.C;;none;1;1210;493;def;f8a8848e;;file;260;precvt.h;file;precvt.h;;none;1;13;13;def;ad0a44d5;;14;
file;551;LANS.C;file;LANS.C;;none;1;1210;493;def;f8a8848e;;file;6;/c/msdev/include/stdio.h;file;/c/msdev/include/stdio.h;;none;1;532;532;def;b64df2c8;;2;
file;565;LANSXX.C;file;LANSXX.C;;none;1;1207;490;def;c09ae2e7;;file;253;longrp.h;file;longrp.h;;none;1;5;5;def;463f06bb;;13;
file;565;LANSXX.C;file;LANSXX.C;;none;1;1207;490;def;c09ae2e7;;file;513;state.h;file;state.h;;none;1;15;15;def;cf39c83f;;17;
file;565;LANSXX.C;file;LANSXX.C;;none;1;1207;490;def;c09ae2e7;;file;379;cumtvt.h;file;cumtvt.h;;none;1;14;14;def;3ec484c6;;9;
file;565;LANSXX.C;file;LANSXX.C;;none;1;1207;490;def;c09ae2e7;;file;262;dcand.h;file;dcand.h;;none;1;5;5;def;fc7fe2;;10;
file;565;LANSXX.C;file;LANSXX.C;;none;1;1207;490;def;c09ae2e7;;file;261;office.h;file;office.h;;none;1;35;35;def;afd88735;;11;
file;565;LANSXX.C;file;LANSXX.C;;none;1;1207;490;def;c09ae2e7;;file;256;repout.h;file;repout.h;;none;1;6;6;def;e92515ec;;16;
file;565;LANSXX.C;file;LANSXX.C;;none;1;1207;490;def;c09ae2e7;;file;254;unitinfo.h;file;unitinfo.h;;none;1;12;12;def;e1bc7950;;18;
file;565;LANSXX.C;file;LANSXX.C;;none;1;1207;490;def;c09ae2e7;;file;259;candnm.h;file;candnm.h;;none;1;5;5;def;df526b22;;7;
file;565;LANSXX.C;file;LANSXX.C;;none;1;1207;490;def;c09ae2e7;;file;260;precvt.h;file;precvt.h;;none;1;13;13;def;ad0a44d5;;15;
file;565;LANSXX.C;file;LANSXX.C;;none;1;1207;490;def;c09ae2e7;;file;258;cardrd.h;file;cardrd.h;;none;1;5;5;def;33ebe48f;;8;
file;565;LANSXX.C;file;LANSXX.C;;none;1;1207;490;def;c09ae2e7;;file;252;filedecl.h;file;filedecl.h;;none;1;9;9;def;3acabaac;;5;
file;565;LANSXX.C;file;LANSXX.C;;none;1;1207;490;def;c09ae2e7;;file;263;weltab.h;file;weltab.h;;none;1;36;36;def;4552e6f4;;4;
file;565;LANSXX.C;file;LANSXX.C;;none;1;1207;490;def;c09ae2e7;;file;257;offnam.h;file;offnam.h;;none;1;6;6;def;d9cc6752;;12;
file;565;LANSXX.C;file;LANSXX.C;;none;1;1207;490;def;c09ae2e7;;file;6;/c/msdev/include/stdio.h;file;/c/msdev/include/stdio.h;;none;1;532;532;def;b64df2c8;;3;
file;565;LANSXX.C;file;LANSXX.C;;none;1;1207;490;def;c09ae2e7;;file;264;precin.h;file;precin.h;;none;1;19;19;def;f8a60ff;;14;
file;579;LINECOUN.C;file;LINECOUN.C;;none;1;582;50;def;80b9fe69;;file;6;/c/msdev/include/stdio.h;file;/c/msdev/include/stdio.h;;none;1;532;532;def;b64df2c8;;2;
file;589;OFCA.C;file;OFCA.C;;none;1;1023;335;def;f01ccd50;;file;256;repout.h;file;repout.h;;none;1;6;6;def;e92515ec;;14;
file;589;OFCA.C;file;OFCA.C;;none;1;1023;335;def;f01ccd50;;file;253;longrp.h;file;longrp.h;;none;1;5;5;def;463f06bb;;9;
file;589;OFCA.C;file;OFCA.C;;none;1;1023;335;def;f01ccd50;;file;257;offnam.h;file;offnam.h;;none;1;6;6;def;d9cc6752;;11;
file;589;OFCA.C;file;OFCA.C;;none;1;1023;335;def;f01ccd50;;file;260;precvt.h;file;precvt.h;;none;1;13;13;def;ad0a44d5;;13;
file;589;OFCA.C;file;OFCA.C;;none;1;1023;335;def;f01ccd50;;file;263;weltab.h;file;weltab.h;;none;1;36;36;def;4552e6f4;;3;
file;589;OFCA.C;file;OFCA.C;;none;1;1023;335;def;f01ccd50;;file;264;precin.h;file;precin.h;;none;1;19;19;def;f8a60ff;;12;
file;589;OFCA.C;file;OFCA.C;;none;1;1023;335;def;f01ccd50;;file;262;dcand.h;file;dcand.h;;none;1;5;5;def;fc7fe2;;8;
file;589;OFCA.C;file;OFCA.C;;none;1;1023;335;def;f01ccd50;;file;254;unitinfo.h;file;unitinfo.h;;none;1;12;12;def;e1bc7950;;15;
file;589;OFCA.C;file;OFCA.C;;none;1;1023;335;def;f01ccd50;;file;261;office.h;file;office.h;;none;1;35;35;def;afd88735;;10;
file;589;OFCA.C;file;OFCA.C;;none;1;1023;335;def;f01ccd50;;file;259;candnm.h;file;candnm.h;;none;1;5;5;def;df526b22;;6;
file;589;OFCA.C;file;OFCA.C;;none;1;1023;335;def;f01ccd50;;file;258;cardrd.h;file;cardrd.h;;none;1;5;5;def;33ebe48f;;7;
file;589;OFCA.C;file;OFCA.C;;none;1;1023;335;def;f01ccd50;;file;252;filedecl.h;file;filedecl.h;;none;1;9;9;def;3acabaac;;4;
file;589;OFCA.C;file;OFCA.C;;none;1;1023;335;def;f01ccd50;;file;6;/c/msdev/include/stdio.h;file;/c/msdev/include/stdio.h;;none;1;532;532;def;b64df2c8;;2;
file;600;PGET.C;file;PGET.C;;none;1;986;298;def;a0cc44c2;;file;256;repout.h;file;repout.h;;none;1;6;6;def;e92515ec;;14;
file;600;PGET.C;file;PGET.C;;none;1;986;298;def;a0cc44c2;;file;253;longrp.h;file;longrp.h;;none;1;5;5;def;463f06bb;;9;
file;600;PGET.C;file;PGET.C;;none;1;986;298;def;a0cc44c2;;file;257;offnam.h;file;offnam.h;;none;1;6;6;def;d9cc6752;;11;
file;600;PGET.C;file;PGET.C;;none;1;986;298;def;a0cc44c2;;file;260;precvt.h;file;precvt.h;;none;1;13;13;def;ad0a44d5;;13;
file;600;PGET.C;file;PGET.C;;none;1;986;298;def;a0cc44c2;;file;263;weltab.h;file;weltab.h;;none;1;36;36;def;4552e6f4;;3;
file;600;PGET.C;file;PGET.C;;none;1;986;298;def;a0cc44c2;;file;264;precin.h;file;precin.h;;none;1;19;19;def;f8a60ff;;12;
file;600;PGET.C;file;PGET.C;;none;1;986;298;def;a0cc44c2;;file;262;dcand.h;file;dcand.h;;none;1;5;5;def;fc7fe2;;8;
file;600;PGET.C;file;PGET.C;;none;1;986;298;def;a0cc44c2;;file;254;unitinfo.h;file;unitinfo.h;;none;1;12;12;def;e1bc7950;;15;
file;600;PGET.C;file;PGET.C;;none;1;986;298;def;a0cc44c2;;file;261;office.h;file;office.h;;none;1;35;35;def;afd88735;;10;
file;600;PGET.C;file;PGET.C;;none;1;986;298;def;a0cc44c2;;file;259;candnm.h;file;candnm.h;;none;1;5;5;def;df526b22;;6;
file;600;PGET.C;file;PGET.C;;none;1;986;298;def;a0cc44c2;;file;258;cardrd.h;file;cardrd.h;;none;1;5;5;def;33ebe48f;;7;
file;600;PGET.C;file;PGET.C;;none;1;986;298;def;a0cc44c2;;file;252;filedecl.h;file;filedecl.h;;none;1;9;9;def;3acabaac;;4;
file;600;PGET.C;file;PGET.C;;none;1;986;298;def;a0cc44c2;;file;6;/c/msdev/include/stdio.h;file;/c/msdev/include/stdio.h;;none;1;532;532;def;b64df2c8;;2;
file;610;POLL.C;file;POLL.C;;none;1;1090;402;def;33f7c947;;file;256;repout.h;file;repout.h;;none;1;6;6;def;e92515ec;;14;
file;610;POLL.C;file;POLL.C;;none;1;1090;402;def;33f7c947;;file;253;longrp.h;file;longrp.h;;none;1;5;5;def;463f06bb;;9;
file;610;POLL.C;file;POLL.C;;none;1;1090;402;def;33f7c947;;file;257;offnam.h;file;offnam.h;;none;1;6;6;def;d9cc6752;;11;
file;610;POLL.C;file;POLL.C;;none;1;1090;402;def;33f7c947;;file;260;precvt.h;file;precvt.h;;none;1;13;13;def;ad0a44d5;;13;
file;610;POLL.C;file;POLL.C;;none;1;1090;402;def;33f7c947;;file;263;weltab.h;file;weltab.h;;none;1;36;36;def;4552e6f4;;3;
file;610;POLL.C;file;POLL.C;;none;1;1090;402;def;33f7c947;;file;264;precin.h;file;precin.h;;none;1;19;19;def;f8a60ff;;12;
file;610;POLL.C;file;POLL.C;;none;1;1090;402;def;33f7c947;;file;262;dcand.h;file;dcand.h;;none;1;5;5;def;fc7fe2;;8;
file;610;POLL.C;file;POLL.C;;none;1;1090;402;def;33f7c947;;file;254;unitinfo.h;file;unitinfo.h;;none;1;12;12;def;e1bc7950;;15;
file;610;POLL.C;file;POLL.C;;none;1;1090;402;def;33f7c947;;file;261;office.h;file;office.h;;none;1;35;35;def;afd88735;;10;
file;610;POLL.C;file;POLL.C;;none;1;1090;402;def;33f7c947;;file;259;candnm.h;file;candnm.h;;none;1;5;5;def;df526b22;;6;
file;610;POLL.C;file;POLL.C;;none;1;1090;402;def;33f7c947;;file;258;cardrd.h;file;cardrd.h;;none;1;5;5;def;33ebe48f;;7;
file;610;POLL.C;file;POLL.C;;none;1;1090;402;def;33f7c947;;file;252;filedecl.h;file;filedecl.h;;none;1;9;9;def;3acabaac;;4;
file;610;POLL.C;file;POLL.C;;none;1;1090;402;def;33f7c947;;file;6;/c/msdev/include/stdio.h;file;/c/msdev/include/stdio.h;;none;1;532;532;def;b64df2c8;;2;
file;621;PREC.C;file;PREC.C;;none;1;985;297;def;67455571;;file;264;precin.h;file;precin.h;;none;1;19;19;def;f8a60ff;;12;
file;621;PREC.C;file;PREC.C;;none;1;985;297;def;67455571;;file;254;unitinfo.h;file;unitinfo.h;;none;1;12;12;def;e1bc7950;;15;
file;621;PREC.C;file;PREC.C;;none;1;985;297;def;67455571;;file;261;office.h;file;office.h;;none;1;35;35;def;afd88735;;9;
file;621;PREC.C;file;PREC.C;;none;1;985;297;def;67455571;;file;260;precvt.h;file;precvt.h;;none;1;13;13;def;ad0a44d5;;13;
file;621;PREC.C;file;PREC.C;;none;1;985;297;def;67455571;;file;263;weltab.h;file;weltab.h;;none;1;36;36;def;4552e6f4;;3;
file;621;PREC.C;file;PREC.C;;none;1;985;297;def;67455571;;file;262;dcand.h;file;dcand.h;;none;1;5;5;def;fc7fe2;;8;
file;621;PREC.C;file;PREC.C;;none;1;985;297;def;67455571;;file;256;repout.h;file;repout.h;;none;1;6;6;def;e92515ec;;14;
file;621;PREC.C;file;PREC.C;;none;1;985;297;def;67455571;;file;257;offnam.h;file;offnam.h;;none;1;6;6;def;d9cc6752;;10;
file;621;PREC.C;file;PREC.C;;none;1;985;297;def;67455571;;file;259;candnm.h;file;candnm.h;;none;1;5;5;def;df526b22;;6;
file;621;PREC.C;file;PREC.C;;none;1;985;297;def;67455571;;file;258;cardrd.h;file;cardrd.h;;none;1;5;5;def;33ebe48f;;7;
file;621;PREC.C;file;PREC.C;;none;1;985;297;def;67455571;;file;253;longrp.h;file;longrp.h;;none;1;5;5;def;463f06bb;;11;
file;621;PREC.C;file;PREC.C;;none;1;985;297;def;67455571;;file;252;filedecl.h;file;filedecl.h;;none;1;9;9;def;3acabaac;;4;
file;621;PREC.C;file;PREC.C;;none;1;985;297;def;67455571;;file;6;/c/msdev/include/stdio.h;file;/c/msdev/include/stdio.h;;none;1;532;532;def;b64df2c8;;2;
file;632;R01TMP.C;file;R01TMP.C;;none;1;1201;484;def;9fc8a00;;file;253;longrp.h;file;longrp.h;;none;1;5;5;def;463f06bb;;12;
file;632;R01TMP.C;file;R01TMP.C;;none;1;1201;484;def;9fc8a00;;file;513;state.h;file;state.h;;none;1;15;15;def;cf39c83f;;16;
file;632;R01TMP.C;file;R01TMP.C;;none;1;1201;484;def;9fc8a00;;file;379;cumtvt.h;file;cumtvt.h;;none;1;14;14;def;3ec484c6;;8;
file;632;R01TMP.C;file;R01TMP.C;;none;1;1201;484;def;9fc8a00;;file;262;dcand.h;file;dcand.h;;none;1;5;5;def;fc7fe2;;9;
file;632;R01TMP.C;file;R01TMP.C;;none;1;1201;484;def;9fc8a00;;file;261;office.h;file;office.h;;none;1;35;35;def;afd88735;;10;
file;632;R01TMP.C;file;R01TMP.C;;none;1;1201;484;def;9fc8a00;;file;256;repout.h;file;repout.h;;none;1;6;6;def;e92515ec;;15;
file;632;R01TMP.C;file;R01TMP.C;;none;1;1201;484;def;9fc8a00;;file;254;unitinfo.h;file;unitinfo.h;;none;1;12;12;def;e1bc7950;;19;
file;632;R01TMP.C;file;R01TMP.C;;none;1;1201;484;def;9fc8a00;;file;259;candnm.h;file;candnm.h;;none;1;5;5;def;df526b22;;6;
file;632;R01TMP.C;file;R01TMP.C;;none;1;1201;484;def;9fc8a00;;file;260;precvt.h;file;precvt.h;;none;1;13;13;def;ad0a44d5;;14;
file;632;R01TMP.C;file;R01TMP.C;;none;1;1201;484;def;9fc8a00;;file;258;cardrd.h;file;cardrd.h;;none;1;5;5;def;33ebe48f;;7;
file;632;R01TMP.C;file;R01TMP.C;;none;1;1201;484;def;9fc8a00;;file;252;filedecl.h;file;filedecl.h;;none;1;9;9;def;3acabaac;;4;
file;632;R01TMP.C;file;R01TMP.C;;none;1;1201;484;def;9fc8a00;;file;263;weltab.h;file;weltab.h;;none;1;36;36;def;4552e6f4;;3;
file;632;R01TMP.C;file;R01TMP.C;;none;1;1201;484;def;9fc8a00;;file;257;offnam.h;file;offnam.h;;none;1;6;6;def;d9cc6752;;11;
file;632;R01TMP.C;file;R01TMP.C;;none;1;1201;484;def;9fc8a00;;file;6;/c/msdev/include/stdio.h;file;/c/msdev/include/stdio.h;;none;1;532;532;def;b64df2c8;;2;
file;632;R01TMP.C;file;R01TMP.C;;none;1;1201;484;def;9fc8a00;;file;264;precin.h;file;precin.h;;none;1;19;19;def;f8a60ff;;13;
file;646;R101TMP.C;file;R101TMP.C;;none;1;1201;484;def;ebd9780f;;file;253;longrp.h;file;longrp.h;;none;1;5;5;def;463f06bb;;12;
file;646;R101TMP.C;file;R101TMP.C;;none;1;1201;484;def;ebd9780f;;file;513;state.h;file;state.h;;none;1;15;15;def;cf39c83f;;16;
file;646;R101TMP.C;file;R101TMP.C;;none;1;1201;484;def;ebd9780f;;file;379;cumtvt.h;file;cumtvt.h;;none;1;14;14;def;3ec484c6;;8;
file;646;R101TMP.C;file;R101TMP.C;;none;1;1201;484;def;ebd9780f;;file;262;dcand.h;file;dcand.h;;none;1;5;5;def;fc7fe2;;9;
file;646;R101TMP.C;file;R101TMP.C;;none;1;1201;484;def;ebd9780f;;file;261;office.h;file;office.h;;none;1;35;35;def;afd88735;;10;
file;646;R101TMP.C;file;R101TMP.C;;none;1;1201;484;def;ebd9780f;;file;256;repout.h;file;repout.h;;none;1;6;6;def;e92515ec;;15;
file;646;R101TMP.C;file;R101TMP.C;;none;1;1201;484;def;ebd9780f;;file;254;unitinfo.h;file;unitinfo.h;;none;1;12;12;def;e1bc7950;;19;
file;646;R101TMP.C;file;R101TMP.C;;none;1;1201;484;def;ebd9780f;;file;259;candnm.h;file;candnm.h;;none;1;5;5;def;df526b22;;6;
file;646;R101TMP.C;file;R101TMP.C;;none;1;1201;484;def;ebd9780f;;file;260;precvt.h;file;precvt.h;;none;1;13;13;def;ad0a44d5;;14;
file;646;R101TMP.C;file;R101TMP.C;;none;1;1201;484;def;ebd9780f;;file;258;cardrd.h;file;cardrd.h;;none;1;5;5;def;33ebe48f;;7;
file;646;R101TMP.C;file;R101TMP.C;;none;1;1201;484;def;ebd9780f;;file;252;filedecl.h;file;filedecl.h;;none;1;9;9;def;3acabaac;;4;
file;646;R101TMP.C;file;R101TMP.C;;none;1;1201;484;def;ebd9780f;;file;263;weltab.h;file;weltab.h;;none;1;36;36;def;4552e6f4;;3;
file;646;R101TMP.C;file;R101TMP.C;;none;1;1201;484;def;ebd9780f;;file;257;offnam.h;file;offnam.h;;none;1;6;6;def;d9cc6752;;11;
file;646;R101TMP.C;file;R101TMP.C;;none;1;1201;484;def;ebd9780f;;file;6;/c/msdev/include/stdio.h;file;/c/msdev/include/stdio.h;;none;1;532;532;def;b64df2c8;;2;
file;646;R101TMP.C;file;R101TMP.C;;none;1;1201;484;def;ebd9780f;;file;264;precin.h;file;precin.h;;none;1;19;19;def;f8a60ff;;13;
file;660;R11TMP.C;file;R11TMP.C;;none;1;1201;484;def;f795e26a;;file;253;longrp.h;file;longrp.h;;none;1;5;5;def;463f06bb;;12;
file;660;R11TMP.C;file;R11TMP.C;;none;1;1201;484;def;f795e26a;;file;513;state.h;file;state.h;;none;1;15;15;def;cf39c83f;;16;
file;660;R11TMP.C;file;R11TMP.C;;none;1;1201;484;def;f795e26a;;file;379;cumtvt.h;file;cumtvt.h;;none;1;14;14;def;3ec484c6;;8;
file;660;R11TMP.C;file;R11TMP.C;;none;1;1201;484;def;f795e26a;;file;262;dcand.h;file;dcand.h;;none;1;5;5;def;fc7fe2;;9;
file;660;R11TMP.C;file;R11TMP.C;;none;1;1201;484;def;f795e26a;;file;261;office.h;file;office.h;;none;1;35;35;def;afd88735;;10;
file;660;R11TMP.C;file;R11TMP.C;;none;1;1201;484;def;f795e26a;;file;256;repout.h;file;repout.h;;none;1;6;6;def;e92515ec;;15;
file;660;R11TMP.C;file;R11TMP.C;;none;1;1201;484;def;f795e26a;;file;254;unitinfo.h;file;unitinfo.h;;none;1;12;12;def;e1bc7950;;19;
file;660;R11TMP.C;file;R11TMP.C;;none;1;1201;484;def;f795e26a;;file;259;candnm.h;file;candnm.h;;none;1;5;5;def;df526b22;;6;
file;660;R11TMP.C;file;R11TMP.C;;none;1;1201;484;def;f795e26a;;file;260;precvt.h;file;precvt.h;;none;1;13;13;def;ad0a44d5;;14;
file;660;R11TMP.C;file;R11TMP.C;;none;1;1201;484;def;f795e26a;;file;258;cardrd.h;file;cardrd.h;;none;1;5;5;def;33ebe48f;;7;
file;660;R11TMP.C;file;R11TMP.C;;none;1;1201;484;def;f795e26a;;file;252;filedecl.h;file;filedecl.h;;none;1;9;9;def;3acabaac;;4;
file;660;R11TMP.C;file;R11TMP.C;;none;1;1201;484;def;f795e26a;;file;263;weltab.h;file;weltab.h;;none;1;36;36;def;4552e6f4;;3;
file;660;R11TMP.C;file;R11TMP.C;;none;1;1201;484;def;f795e26a;;file;257;offnam.h;file;offnam.h;;none;1;6;6;def;d9cc6752;;11;
file;660;R11TMP.C;file;R11TMP.C;;none;1;1201;484;def;f795e26a;;file;6;/c/msdev/include/stdio.h;file;/c/msdev/include/stdio.h;;none;1;532;532;def;b64df2c8;;2;
file;660;R11TMP.C;file;R11TMP.C;;none;1;1201;484;def;f795e26a;;file;264;precin.h;file;precin.h;;none;1;19;19;def;f8a60ff;;13;
file;674;R26TMP.C;file;R26TMP.C;;none;1;1201;484;def;bc172064;;file;253;longrp.h;file;longrp.h;;none;1;5;5;def;463f06bb;;12;
file;674;R26TMP.C;file;R26TMP.C;;none;1;1201;484;def;bc172064;;file;513;state.h;file;state.h;;none;1;15;15;def;cf39c83f;;16;
file;674;R26TMP.C;file;R26TMP.C;;none;1;1201;484;def;bc172064;;file;379;cumtvt.h;file;cumtvt.h;;none;1;14;14;def;3ec484c6;;8;
file;674;R26TMP.C;file;R26TMP.C;;none;1;1201;484;def;bc172064;;file;262;dcand.h;file;dcand.h;;none;1;5;5;def;fc7fe2;;9;
file;674;R26TMP.C;file;R26TMP.C;;none;1;1201;484;def;bc172064;;file;261;office.h;file;office.h;;none;1;35;35;def;afd88735;;10;
file;674;R26TMP.C;file;R26TMP.C;;none;1;1201;484;def;bc172064;;file;256;repout.h;file;repout.h;;none;1;6;6;def;e92515ec;;15;
file;674;R26TMP.C;file;R26TMP.C;;none;1;1201;484;def;bc172064;;file;254;unitinfo.h;file;unitinfo.h;;none;1;12;12;def;e1bc7950;;19;
file;674;R26TMP.C;file;R26TMP.C;;none;1;1201;484;def;bc172064;;file;259;candnm.h;file;candnm.h;;none;1;5;5;def;df526b22;;6;
file;674;R26TMP.C;file;R26TMP.C;;none;1;1201;484;def;bc172064;;file;260;precvt.h;file;precvt.h;;none;1;13;13;def;ad0a44d5;;14;
file;674;R26TMP.C;file;R26TMP.C;;none;1;1201;484;def;bc172064;;file;258;cardrd.h;file;cardrd.h;;none;1;5;5;def;33ebe48f;;7;
file;674;R26TMP.C;file;R26TMP.C;;none;1;1201;484;def;bc172064;;file;252;filedecl.h;file;filedecl.h;;none;1;9;9;def;3acabaac;;4;
file;674;R26TMP.C;file;R26TMP.C;;none;1;1201;484;def;bc172064;;file;263;weltab.h;file;weltab.h;;none;1;36;36;def;4552e6f4;;3;
file;674;R26TMP.C;file;R26TMP.C;;none;1;1201;484;def;bc172064;;file;257;offnam.h;file;offnam.h;;none;1;6;6;def;d9cc6752;;11;
file;674;R26TMP.C;file;R26TMP.C;;none;1;1201;484;def;bc172064;;file;6;/c/msdev/include/stdio.h;file;/c/msdev/include/stdio.h;;none;1;532;532;def;b64df2c8;;2;
file;674;R26TMP.C;file;R26TMP.C;;none;1;1201;484;def;bc172064;;file;264;precin.h;file;precin.h;;none;1;19;19;def;f8a60ff;;13;
file;688;R51TMP.C;file;R51TMP.C;;none;1;1201;484;def;7d527183;;file;253;longrp.h;file;longrp.h;;none;1;5;5;def;463f06bb;;12;
file;688;R51TMP.C;file;R51TMP.C;;none;1;1201;484;def;7d527183;;file;513;state.h;file;state.h;;none;1;15;15;def;cf39c83f;;16;
file;688;R51TMP.C;file;R51TMP.C;;none;1;1201;484;def;7d527183;;file;379;cumtvt.h;file;cumtvt.h;;none;1;14;14;def;3ec484c6;;8;
file;688;R51TMP.C;file;R51TMP.C;;none;1;1201;484;def;7d527183;;file;262;dcand.h;file;dcand.h;;none;1;5;5;def;fc7fe2;;9;
file;688;R51TMP.C;file;R51TMP.C;;none;1;1201;484;def;7d527183;;file;261;office.h;file;office.h;;none;1;35;35;def;afd88735;;10;
file;688;R51TMP.C;file;R51TMP.C;;none;1;1201;484;def;7d527183;;file;256;repout.h;file;repout.h;;none;1;6;6;def;e92515ec;;15;
file;688;R51TMP.C;file;R51TMP.C;;none;1;1201;484;def;7d527183;;file;254;unitinfo.h;file;unitinfo.h;;none;1;12;12;def;e1bc7950;;19;
file;688;R51TMP.C;file;R51TMP.C;;none;1;1201;484;def;7d527183;;file;259;candnm.h;file;candnm.h;;none;1;5;5;def;df526b22;;6;
file;688;R51TMP.C;file;R51TMP.C;;none;1;1201;484;def;7d527183;;file;260;precvt.h;file;precvt.h;;none;1;13;13;def;ad0a44d5;;14;
file;688;R51TMP.C;file;R51TMP.C;;none;1;1201;484;def;7d527183;;file;258;cardrd.h;file;cardrd.h;;none;1;5;5;def;33ebe48f;;7;
file;688;R51TMP.C;file;R51TMP.C;;none;1;1201;484;def;7d527183;;file;252;filedecl.h;file;filedecl.h;;none;1;9;9;def;3acabaac;;4;
file;688;R51TMP.C;file;R51TMP.C;;none;1;1201;484;def;7d527183;;file;263;weltab.h;file;weltab.h;;none;1;36;36;def;4552e6f4;;3;
file;688;R51TMP.C;file;R51TMP.C;;none;1;1201;484;def;7d527183;;file;257;offnam.h;file;offnam.h;;none;1;6;6;def;d9cc6752;;11;
file;688;R51TMP.C;file;R51TMP.C;;none;1;1201;484;def;7d527183;;file;6;/c/msdev/include/stdio.h;file;/c/msdev/include/stdio.h;;none;1;532;532;def;b64df2c8;;2;
file;688;R51TMP.C;file;R51TMP.C;;none;1;1201;484;def;7d527183;;file;264;precin.h;file;precin.h;;none;1;19;19;def;f8a60ff;;13;
file;702;RCVR.C;file;RCVR.C;;none;1;998;296;def;2c394339;;file;257;offnam.h;file;offnam.h;;none;1;6;6;def;d9cc6752;;11;
file;702;RCVR.C;file;RCVR.C;;none;1;998;296;def;2c394339;;file;264;precin.h;file;precin.h;;none;1;19;19;def;f8a60ff;;13;
file;702;RCVR.C;file;RCVR.C;;none;1;998;296;def;2c394339;;file;253;longrp.h;file;longrp.h;;none;1;5;5;def;463f06bb;;12;
file;702;RCVR.C;file;RCVR.C;;none;1;998;296;def;2c394339;;file;263;weltab.h;file;weltab.h;;none;1;36;36;def;4552e6f4;;3;
file;702;RCVR.C;file;RCVR.C;;none;1;998;296;def;2c394339;;file;379;cumtvt.h;file;cumtvt.h;;none;1;14;14;def;3ec484c6;;8;
file;702;RCVR.C;file;RCVR.C;;none;1;998;296;def;2c394339;;file;262;dcand.h;file;dcand.h;;none;1;5;5;def;fc7fe2;;9;
file;702;RCVR.C;file;RCVR.C;;none;1;998;296;def;2c394339;;file;261;office.h;file;office.h;;none;1;35;35;def;afd88735;;10;
file;702;RCVR.C;file;RCVR.C;;none;1;998;296;def;2c394339;;file;254;unitinfo.h;file;unitinfo.h;;none;1;12;12;def;e1bc7950;;16;
file;702;RCVR.C;file;RCVR.C;;none;1;998;296;def;2c394339;;file;259;candnm.h;file;candnm.h;;none;1;5;5;def;df526b22;;6;
file;702;RCVR.C;file;RCVR.C;;none;1;998;296;def;2c394339;;file;256;repout.h;file;repout.h;;none;1;6;6;def;e92515ec;;15;
file;702;RCVR.C;file;RCVR.C;;none;1;998;296;def;2c394339;;file;258;cardrd.h;file;cardrd.h;;none;1;5;5;def;33ebe48f;;7;
file;702;RCVR.C;file;RCVR.C;;none;1;998;296;def;2c394339;;file;252;filedecl.h;file;filedecl.h;;none;1;9;9;def;3acabaac;;4;
file;702;RCVR.C;file;RCVR.C;;none;1;998;296;def;2c394339;;file;260;precvt.h;file;precvt.h;;none;1;13;13;def;ad0a44d5;;14;
file;702;RCVR.C;file;RCVR.C;;none;1;998;296;def;2c394339;;file;6;/c/msdev/include/stdio.h;file;/c/msdev/include/stdio.h;;none;1;532;532;def;b64df2c8;;2;
file;712;RSUM.C;file;RSUM.C;;none;1;1201;484;def;a4bae114;;file;257;offnam.h;file;offnam.h;;none;1;6;6;def;d9cc6752;;11;
file;712;RSUM.C;file;RSUM.C;;none;1;1201;484;def;a4bae114;;file;264;precin.h;file;precin.h;;none;1;19;19;def;f8a60ff;;13;
file;712;RSUM.C;file;RSUM.C;;none;1;1201;484;def;a4bae114;;file;253;longrp.h;file;longrp.h;;none;1;5;5;def;463f06bb;;12;
file;712;RSUM.C;file;RSUM.C;;none;1;1201;484;def;a4bae114;;file;263;weltab.h;file;weltab.h;;none;1;36;36;def;4552e6f4;;3;
file;712;RSUM.C;file;RSUM.C;;none;1;1201;484;def;a4bae114;;file;379;cumtvt.h;file;cumtvt.h;;none;1;14;14;def;3ec484c6;;8;
file;712;RSUM.C;file;RSUM.C;;none;1;1201;484;def;a4bae114;;file;262;dcand.h;file;dcand.h;;none;1;5;5;def;fc7fe2;;9;
file;712;RSUM.C;file;RSUM.C;;none;1;1201;484;def;a4bae114;;file;261;office.h;file;office.h;;none;1;35;35;def;afd88735;;10;
file;712;RSUM.C;file;RSUM.C;;none;1;1201;484;def;a4bae114;;file;513;state.h;file;state.h;;none;1;15;15;def;cf39c83f;;16;
file;712;RSUM.C;file;RSUM.C;;none;1;1201;484;def;a4bae114;;file;259;candnm.h;file;candnm.h;;none;1;5;5;def;df526b22;;6;
file;712;RSUM.C;file;RSUM.C;;none;1;1201;484;def;a4bae114;;file;256;repout.h;file;repout.h;;none;1;6;6;def;e92515ec;;15;
file;712;RSUM.C;file;RSUM.C;;none;1;1201;484;def;a4bae114;;file;258;cardrd.h;file;cardrd.h;;none;1;5;5;def;33ebe48f;;7;
file;712;RSUM.C;file;RSUM.C;;none;1;1201;484;def;a4bae114;;file;254;unitinfo.h;file;unitinfo.h;;none;1;12;12;def;e1bc7950;;19;
file;712;RSUM.C;file;RSUM.C;;none;1;1201;484;def;a4bae114;;file;252;filedecl.h;file;filedecl.h;;none;1;9;9;def;3acabaac;;4;
file;712;RSUM.C;file;RSUM.C;;none;1;1201;484;def;a4bae114;;file;260;precvt.h;file;precvt.h;;none;1;13;13;def;ad0a44d5;;14;
file;712;RSUM.C;file;RSUM.C;;none;1;1201;484;def;a4bae114;;file;6;/c/msdev/include/stdio.h;file;/c/msdev/include/stdio.h;;none;1;532;532;def;b64df2c8;;2;
file;726;RSUMXX.C;file;RSUMXX.C;;none;1;1198;481;def;31ca6e90;;file;253;longrp.h;file;longrp.h;;none;1;5;5;def;463f06bb;;13;
file;726;RSUMXX.C;file;RSUMXX.C;;none;1;1198;481;def;31ca6e90;;file;513;state.h;file;state.h;;none;1;15;15;def;cf39c83f;;17;
file;726;RSUMXX.C;file;RSUMXX.C;;none;1;1198;481;def;31ca6e90;;file;379;cumtvt.h;file;cumtvt.h;;none;1;14;14;def;3ec484c6;;9;
file;726;RSUMXX.C;file;RSUMXX.C;;none;1;1198;481;def;31ca6e90;;file;262;dcand.h;file;dcand.h;;none;1;5;5;def;fc7fe2;;10;
file;726;RSUMXX.C;file;RSUMXX.C;;none;1;1198;481;def;31ca6e90;;file;261;office.h;file;office.h;;none;1;35;35;def;afd88735;;11;
file;726;RSUMXX.C;file;RSUMXX.C;;none;1;1198;481;def;31ca6e90;;file;256;repout.h;file;repout.h;;none;1;6;6;def;e92515ec;;16;
file;726;RSUMXX.C;file;RSUMXX.C;;none;1;1198;481;def;31ca6e90;;file;254;unitinfo.h;file;unitinfo.h;;none;1;12;12;def;e1bc7950;;18;
file;726;RSUMXX.C;file;RSUMXX.C;;none;1;1198;481;def;31ca6e90;;file;259;candnm.h;file;candnm.h;;none;1;5;5;def;df526b22;;7;
file;726;RSUMXX.C;file;RSUMXX.C;;none;1;1198;481;def;31ca6e90;;file;260;precvt.h;file;precvt.h;;none;1;13;13;def;ad0a44d5;;15;
file;726;RSUMXX.C;file;RSUMXX.C;;none;1;1198;481;def;31ca6e90;;file;258;cardrd.h;file;cardrd.h;;none;1;5;5;def;33ebe48f;;8;
file;726;RSUMXX.C;file;RSUMXX.C;;none;1;1198;481;def;31ca6e90;;file;252;filedecl.h;file;filedecl.h;;none;1;9;9;def;3acabaac;;5;
file;726;RSUMXX.C;file;RSUMXX.C;;none;1;1198;481;def;31ca6e90;;file;263;weltab.h;file;weltab.h;;none;1;36;36;def;4552e6f4;;4;
file;726;RSUMXX.C;file;RSUMXX.C;;none;1;1198;481;def;31ca6e90;;file;257;offnam.h;file;offnam.h;;none;1;6;6;def;d9cc6752;;12;
file;726;RSUMXX.C;file;RSUMXX.C;;none;1;1198;481;def;31ca6e90;;file;6;/c/msdev/include/stdio.h;file;/c/msdev/include/stdio.h;;none;1;532;532;def;b64df2c8;;3;
file;726;RSUMXX.C;file;RSUMXX.C;;none;1;1198;481;def;31ca6e90;;file;264;precin.h;file;precin.h;;none;1;19;19;def;f8a60ff;;14;
file;740;SAMP.C;file;SAMP.C;;none;1;881;193;def;5f248a8e;;file;256;repout.h;file;repout.h;;none;1;6;6;def;e92515ec;;14;
file;740;SAMP.C;file;SAMP.C;;none;1;881;193;def;5f248a8e;;file;253;longrp.h;file;longrp.h;;none;1;5;5;def;463f06bb;;9;
file;740;SAMP.C;file;SAMP.C;;none;1;881;193;def;5f248a8e;;file;257;offnam.h;file;offnam.h;;none;1;6;6;def;d9cc6752;;11;
file;740;SAMP.C;file;SAMP.C;;none;1;881;193;def;5f248a8e;;file;260;precvt.h;file;precvt.h;;none;1;13;13;def;ad0a44d5;;13;
file;740;SAMP.C;file;SAMP.C;;none;1;881;193;def;5f248a8e;;file;263;weltab.h;file;weltab.h;;none;1;36;36;def;4552e6f4;;3;
file;740;SAMP.C;file;SAMP.C;;none;1;881;193;def;5f248a8e;;file;264;precin.h;file;precin.h;;none;1;19;19;def;f8a60ff;;12;
file;740;SAMP.C;file;SAMP.C;;none;1;881;193;def;5f248a8e;;file;262;dcand.h;file;dcand.h;;none;1;5;5;def;fc7fe2;;8;
file;740;SAMP.C;file;SAMP.C;;none;1;881;193;def;5f248a8e;;file;254;unitinfo.h;file;unitinfo.h;;none;1;12;12;def;e1bc7950;;15;
file;740;SAMP.C;file;SAMP.C;;none;1;881;193;def;5f248a8e;;file;261;office.h;file;office.h;;none;1;35;35;def;afd88735;;10;
file;740;SAMP.C;file;SAMP.C;;none;1;881;193;def;5f248a8e;;file;259;candnm.h;file;candnm.h;;none;1;5;5;def;df526b22;;6;
file;740;SAMP.C;file;SAMP.C;;none;1;881;193;def;5f248a8e;;file;258;cardrd.h;file;cardrd.h;;none;1;5;5;def;33ebe48f;;7;
file;740;SAMP.C;file;SAMP.C;;none;1;881;193;def;5f248a8e;;file;252;filedecl.h;file;filedecl.h;;none;1;9;9;def;3acabaac;;4;
file;740;SAMP.C;file;SAMP.C;;none;1;881;193;def;5f248a8e;;file;6;/c/msdev/include/stdio.h;file;/c/msdev/include/stdio.h;;none;1;532;532;def;b64df2c8;;2;
file;751;SPED.C;file;SPED.C;;none;1;970;282;def;eff35544;;file;256;repout.h;file;repout.h;;none;1;6;6;def;e92515ec;;16;
file;751;SPED.C;file;SPED.C;;none;1;970;282;def;eff35544;;file;253;longrp.h;file;longrp.h;;none;1;5;5;def;463f06bb;;11;
file;751;SPED.C;file;SPED.C;;none;1;970;282;def;eff35544;;file;257;offnam.h;file;offnam.h;;none;1;6;6;def;d9cc6752;;13;
file;751;SPED.C;file;SPED.C;;none;1;970;282;def;eff35544;;file;260;precvt.h;file;precvt.h;;none;1;13;13;def;ad0a44d5;;15;
file;751;SPED.C;file;SPED.C;;none;1;970;282;def;eff35544;;file;263;weltab.h;file;weltab.h;;none;1;36;36;def;4552e6f4;;5;
file;751;SPED.C;file;SPED.C;;none;1;970;282;def;eff35544;;file;264;precin.h;file;precin.h;;none;1;19;19;def;f8a60ff;;14;
file;751;SPED.C;file;SPED.C;;none;1;970;282;def;eff35544;;file;262;dcand.h;file;dcand.h;;none;1;5;5;def;fc7fe2;;10;
file;751;SPED.C;file;SPED.C;;none;1;970;282;def;eff35544;;file;254;unitinfo.h;file;unitinfo.h;;none;1;12;12;def;e1bc7950;;17;
file;751;SPED.C;file;SPED.C;;none;1;970;282;def;eff35544;;file;261;office.h;file;office.h;;none;1;35;35;def;afd88735;;12;
file;751;SPED.C;file;SPED.C;;none;1;970;282;def;eff35544;;file;259;candnm.h;file;candnm.h;;none;1;5;5;def;df526b22;;8;
file;751;SPED.C;file;SPED.C;;none;1;970;282;def;eff35544;;file;258;cardrd.h;file;cardrd.h;;none;1;5;5;def;33ebe48f;;9;
file;751;SPED.C;file;SPED.C;;none;1;970;282;def;eff35544;;file;252;filedecl.h;file;filedecl.h;;none;1;9;9;def;3acabaac;;6;
file;751;SPED.C;file;SPED.C;;none;1;970;282;def;eff35544;;file;6;/c/msdev/include/stdio.h;file;/c/msdev/include/stdio.h;;none;1;532;532;def;b64df2c8;;4;
file;761;SPOL.C;file;SPOL.C;;none;1;1145;457;def;caee4da9;;file;256;repout.h;file;repout.h;;none;1;6;6;def;e92515ec;;14;
file;761;SPOL.C;file;SPOL.C;;none;1;1145;457;def;caee4da9;;file;253;longrp.h;file;longrp.h;;none;1;5;5;def;463f06bb;;9;
file;761;SPOL.C;file;SPOL.C;;none;1;1145;457;def;caee4da9;;file;257;offnam.h;file;offnam.h;;none;1;6;6;def;d9cc6752;;11;
file;761;SPOL.C;file;SPOL.C;;none;1;1145;457;def;caee4da9;;file;260;precvt.h;file;precvt.h;;none;1;13;13;def;ad0a44d5;;13;
file;761;SPOL.C;file;SPOL.C;;none;1;1145;457;def;caee4da9;;file;263;weltab.h;file;weltab.h;;none;1;36;36;def;4552e6f4;;3;
file;761;SPOL.C;file;SPOL.C;;none;1;1145;457;def;caee4da9;;file;264;precin.h;file;precin.h;;none;1;19;19;def;f8a60ff;;12;
file;761;SPOL.C;file;SPOL.C;;none;1;1145;457;def;caee4da9;;file;262;dcand.h;file;dcand.h;;none;1;5;5;def;fc7fe2;;8;
file;761;SPOL.C;file;SPOL.C;;none;1;1145;457;def;caee4da9;;file;254;unitinfo.h;file;unitinfo.h;;none;1;12;12;def;e1bc7950;;15;
file;761;SPOL.C;file;SPOL.C;;none;1;1145;457;def;caee4da9;;file;261;office.h;file;office.h;;none;1;35;35;def;afd88735;;10;
file;761;SPOL.C;file;SPOL.C;;none;1;1145;457;def;caee4da9;;file;259;candnm.h;file;candnm.h;;none;1;5;5;def;df526b22;;6;
file;761;SPOL.C;file;SPOL.C;;none;1;1145;457;def;caee4da9;;file;258;cardrd.h;file;cardrd.h;;none;1;5;5;def;33ebe48f;;7;
file;761;SPOL.C;file;SPOL.C;;none;1;1145;457;def;caee4da9;;file;252;filedecl.h;file;filedecl.h;;none;1;9;9;def;3acabaac;;4;
file;761;SPOL.C;file;SPOL.C;;none;1;1145;457;def;caee4da9;;file;6;/c/msdev/include/stdio.h;file;/c/msdev/include/stdio.h;;none;1;532;532;def;b64df2c8;;2;
file;772;TOTL.C;file;TOTL.C;;none;1;1143;441;def;1e836e2c;;file;257;offnam.h;file;offnam.h;;none;1;6;6;def;d9cc6752;;11;
file;772;TOTL.C;file;TOTL.C;;none;1;1143;441;def;1e836e2c;;file;264;precin.h;file;precin.h;;none;1;19;19;def;f8a60ff;;13;
file;772;TOTL.C;file;TOTL.C;;none;1;1143;441;def;1e836e2c;;file;253;longrp.h;file;longrp.h;;none;1;5;5;def;463f06bb;;12;
file;772;TOTL.C;file;TOTL.C;;none;1;1143;441;def;1e836e2c;;file;263;weltab.h;file;weltab.h;;none;1;36;36;def;4552e6f4;;3;
file;772;TOTL.C;file;TOTL.C;;none;1;1143;441;def;1e836e2c;;file;379;cumtvt.h;file;cumtvt.h;;none;1;14;14;def;3ec484c6;;8;
file;772;TOTL.C;file;TOTL.C;;none;1;1143;441;def;1e836e2c;;file;262;dcand.h;file;dcand.h;;none;1;5;5;def;fc7fe2;;9;
file;772;TOTL.C;file;TOTL.C;;none;1;1143;441;def;1e836e2c;;file;261;office.h;file;office.h;;none;1;35;35;def;afd88735;;10;
file;772;TOTL.C;file;TOTL.C;;none;1;1143;441;def;1e836e2c;;file;254;unitinfo.h;file;unitinfo.h;;none;1;12;12;def;e1bc7950;;16;
file;772;TOTL.C;file;TOTL.C;;none;1;1143;441;def;1e836e2c;;file;259;candnm.h;file;candnm.h;;none;1;5;5;def;df526b22;;6;
file;772;TOTL.C;file;TOTL.C;;none;1;1143;441;def;1e836e2c;;file;256;repout.h;file;repout.h;;none;1;6;6;def;e92515ec;;15;
file;772;TOTL.C;file;TOTL.C;;none;1;1143;441;def;1e836e2c;;file;258;cardrd.h;file;cardrd.h;;none;1;5;5;def;33ebe48f;;7;
file;772;TOTL.C;file;TOTL.C;;none;1;1143;441;def;1e836e2c;;file;252;filedecl.h;file;filedecl.h;;none;1;9;9;def;3acabaac;;4;
file;772;TOTL.C;file;TOTL.C;;none;1;1143;441;def;1e836e2c;;file;260;precvt.h;file;precvt.h;;none;1;13;13;def;ad0a44d5;;14;
file;772;TOTL.C;file;TOTL.C;;none;1;1143;441;def;1e836e2c;;file;6;/c/msdev/include/stdio.h;file;/c/msdev/include/stdio.h;;none;1;532;532;def;b64df2c8;;2;
file;785;UNPR.C;file;UNPR.C;;none;1;1077;360;def;dd9aee;;file;257;offnam.h;file;offnam.h;;none;1;6;6;def;d9cc6752;;11;
file;785;UNPR.C;file;UNPR.C;;none;1;1077;360;def;dd9aee;;file;264;precin.h;file;precin.h;;none;1;19;19;def;f8a60ff;;13;
file;785;UNPR.C;file;UNPR.C;;none;1;1077;360;def;dd9aee;;file;253;longrp.h;file;longrp.h;;none;1;5;5;def;463f06bb;;12;
file;785;UNPR.C;file;UNPR.C;;none;1;1077;360;def;dd9aee;;file;263;weltab.h;file;weltab.h;;none;1;36;36;def;4552e6f4;;3;
file;785;UNPR.C;file;UNPR.C;;none;1;1077;360;def;dd9aee;;file;379;cumtvt.h;file;cumtvt.h;;none;1;14;14;def;3ec484c6;;8;
file;785;UNPR.C;file;UNPR.C;;none;1;1077;360;def;dd9aee;;file;262;dcand.h;file;dcand.h;;none;1;5;5;def;fc7fe2;;9;
file;785;UNPR.C;file;UNPR.C;;none;1;1077;360;def;dd9aee;;file;261;office.h;file;office.h;;none;1;35;35;def;afd88735;;10;
file;785;UNPR.C;file;UNPR.C;;none;1;1077;360;def;dd9aee;;file;513;state.h;file;state.h;;none;1;15;15;def;cf39c83f;;16;
file;785;UNPR.C;file;UNPR.C;;none;1;1077;360;def;dd9aee;;file;259;candnm.h;file;candnm.h;;none;1;5;5;def;df526b22;;6;
file;785;UNPR.C;file;UNPR.C;;none;1;1077;360;def;dd9aee;;file;256;repout.h;file;repout.h;;none;1;6;6;def;e92515ec;;15;
file;785;UNPR.C;file;UNPR.C;;none;1;1077;360;def;dd9aee;;file;258;cardrd.h;file;cardrd.h;;none;1;5;5;def;33ebe48f;;7;
file;785;UNPR.C;file;UNPR.C;;none;1;1077;360;def;dd9aee;;file;254;unitinfo.h;file;unitinfo.h;;none;1;12;12;def;e1bc7950;;17;
file;785;UNPR.C;file;UNPR.C;;none;1;1077;360;def;dd9aee;;file;252;filedecl.h;file;filedecl.h;;none;1;9;9;def;3acabaac;;4;
file;785;UNPR.C;file;UNPR.C;;none;1;1077;360;def;dd9aee;;file;260;precvt.h;file;precvt.h;;none;1;13;13;def;ad0a44d5;;14;
file;785;UNPR.C;file;UNPR.C;;none;1;1077;360;def;dd9aee;;file;6;/c/msdev/include/stdio.h;file;/c/msdev/include/stdio.h;;none;1;532;532;def;b64df2c8;;2;
file;795;VEDT.C;file;VEDT.C;;none;1;1211;523;def;144fd8dd;;file;256;repout.h;file;repout.h;;none;1;6;6;def;e92515ec;;14;
file;795;VEDT.C;file;VEDT.C;;none;1;1211;523;def;144fd8dd;;file;253;longrp.h;file;longrp.h;;none;1;5;5;def;463f06bb;;9;
file;795;VEDT.C;file;VEDT.C;;none;1;1211;523;def;144fd8dd;;file;257;offnam.h;file;offnam.h;;none;1;6;6;def;d9cc6752;;11;
file;795;VEDT.C;file;VEDT.C;;none;1;1211;523;def;144fd8dd;;file;260;precvt.h;file;precvt.h;;none;1;13;13;def;ad0a44d5;;13;
file;795;VEDT.C;file;VEDT.C;;none;1;1211;523;def;144fd8dd;;file;263;weltab.h;file;weltab.h;;none;1;36;36;def;4552e6f4;;3;
file;795;VEDT.C;file;VEDT.C;;none;1;1211;523;def;144fd8dd;;file;264;precin.h;file;precin.h;;none;1;19;19;def;f8a60ff;;12;
file;795;VEDT.C;file;VEDT.C;;none;1;1211;523;def;144fd8dd;;file;262;dcand.h;file;dcand.h;;none;1;5;5;def;fc7fe2;;8;
file;795;VEDT.C;file;VEDT.C;;none;1;1211;523;def;144fd8dd;;file;254;unitinfo.h;file;unitinfo.h;;none;1;12;12;def;e1bc7950;;15;
file;795;VEDT.C;file;VEDT.C;;none;1;1211;523;def;144fd8dd;;file;261;office.h;file;office.h;;none;1;35;35;def;afd88735;;10;
file;795;VEDT.C;file;VEDT.C;;none;1;1211;523;def;144fd8dd;;file;259;candnm.h;file;candnm.h;;none;1;5;5;def;df526b22;;6;
file;795;VEDT.C;file;VEDT.C;;none;1;1211;523;def;144fd8dd;;file;258;cardrd.h;file;cardrd.h;;none;1;5;5;def;33ebe48f;;7;
file;795;VEDT.C;file;VEDT.C;;none;1;1211;523;def;144fd8dd;;file;252;filedecl.h;file;filedecl.h;;none;1;9;9;def;3acabaac;;4;
file;795;VEDT.C;file;VEDT.C;;none;1;1211;523;def;144fd8dd;;file;6;/c/msdev/include/stdio.h;file;/c/msdev/include/stdio.h;;none;1;532;532;def;b64df2c8;;2;
file;806;VFIX.C;file;VFIX.C;;none;1;1219;531;def;6fab4e31;;file;256;repout.h;file;repout.h;;none;1;6;6;def;e92515ec;;14;
file;806;VFIX.C;file;VFIX.C;;none;1;1219;531;def;6fab4e31;;file;253;longrp.h;file;longrp.h;;none;1;5;5;def;463f06bb;;9;
file;806;VFIX.C;file;VFIX.C;;none;1;1219;531;def;6fab4e31;;file;257;offnam.h;file;offnam.h;;none;1;6;6;def;d9cc6752;;11;
file;806;VFIX.C;file;VFIX.C;;none;1;1219;531;def;6fab4e31;;file;260;precvt.h;file;precvt.h;;none;1;13;13;def;ad0a44d5;;13;
file;806;VFIX.C;file;VFIX.C;;none;1;1219;531;def;6fab4e31;;file;263;weltab.h;file;weltab.h;;none;1;36;36;def;4552e6f4;;3;
file;806;VFIX.C;file;VFIX.C;;none;1;1219;531;def;6fab4e31;;file;264;precin.h;file;precin.h;;none;1;19;19;def;f8a60ff;;12;
file;806;VFIX.C;file;VFIX.C;;none;1;1219;531;def;6fab4e31;;file;262;dcand.h;file;dcand.h;;none;1;5;5;def;fc7fe2;;8;
file;806;VFIX.C;file;VFIX.C;;none;1;1219;531;def;6fab4e31;;file;254;unitinfo.h;file;unitinfo.h;;none;1;12;12;def;e1bc7950;;15;
file;806;VFIX.C;file;VFIX.C;;none;1;1219;531;def;6fab4e31;;file;261;office.h;file;office.h;;none;1;35;35;def;afd88735;;10;
file;806;VFIX.C;file;VFIX.C;;none;1;1219;531;def;6fab4e31;;file;259;candnm.h;file;candnm.h;;none;1;5;5;def;df526b22;;6;
file;806;VFIX.C;file;VFIX.C;;none;1;1219;531;def;6fab4e31;;file;258;cardrd.h;file;cardrd.h;;none;1;5;5;def;33ebe48f;;7;
file;806;VFIX.C;file;VFIX.C;;none;1;1219;531;def;6fab4e31;;file;252;filedecl.h;file;filedecl.h;;none;1;9;9;def;3acabaac;;4;
file;806;VFIX.C;file;VFIX.C;;none;1;1219;531;def;6fab4e31;;file;6;/c/msdev/include/stdio.h;file;/c/msdev/include/stdio.h;;none;1;532;532;def;b64df2c8;;2;
file;817;VFUL.C;file;VFUL.C;;none;1;871;169;def;c4c776c8;;file;257;offnam.h;file;offnam.h;;none;1;6;6;def;d9cc6752;;11;
file;817;VFUL.C;file;VFUL.C;;none;1;871;169;def;c4c776c8;;file;264;precin.h;file;precin.h;;none;1;19;19;def;f8a60ff;;13;
file;817;VFUL.C;file;VFUL.C;;none;1;871;169;def;c4c776c8;;file;253;longrp.h;file;longrp.h;;none;1;5;5;def;463f06bb;;12;
file;817;VFUL.C;file;VFUL.C;;none;1;871;169;def;c4c776c8;;file;263;weltab.h;file;weltab.h;;none;1;36;36;def;4552e6f4;;3;
file;817;VFUL.C;file;VFUL.C;;none;1;871;169;def;c4c776c8;;file;379;cumtvt.h;file;cumtvt.h;;none;1;14;14;def;3ec484c6;;8;
file;817;VFUL.C;file;VFUL.C;;none;1;871;169;def;c4c776c8;;file;262;dcand.h;file;dcand.h;;none;1;5;5;def;fc7fe2;;9;
file;817;VFUL.C;file;VFUL.C;;none;1;871;169;def;c4c776c8;;file;261;office.h;file;office.h;;none;1;35;35;def;afd88735;;10;
file;817;VFUL.C;file;VFUL.C;;none;1;871;169;def;c4c776c8;;file;254;unitinfo.h;file;unitinfo.h;;none;1;12;12;def;e1bc7950;;16;
file;817;VFUL.C;file;VFUL.C;;none;1;871;169;def;c4c776c8;;file;259;candnm.h;file;candnm.h;;none;1;5;5;def;df526b22;;6;
file;817;VFUL.C;file;VFUL.C;;none;1;871;169;def;c4c776c8;;file;256;repout.h;file;repout.h;;none;1;6;6;def;e92515ec;;15;
file;817;VFUL.C;file;VFUL.C;;none;1;871;169;def;c4c776c8;;file;258;cardrd.h;file;cardrd.h;;none;1;5;5;def;33ebe48f;;7;
file;817;VFUL.C;file;VFUL.C;;none;1;871;169;def;c4c776c8;;file;252;filedecl.h;file;filedecl.h;;none;1;9;9;def;3acabaac;;4;
file;817;VFUL.C;file;VFUL.C;;none;1;871;169;def;c4c776c8;;file;260;precvt.h;file;precvt.h;;none;1;13;13;def;ad0a44d5;;14;
file;817;VFUL.C;file;VFUL.C;;none;1;871;169;def;c4c776c8;;file;6;/c/msdev/include/stdio.h;file;/c/msdev/include/stdio.h;;none;1;532;532;def;b64df2c8;;2;
file;827;VSET.C;file;VSET.C;;none;1;782;106;def;d6661a1a;;file;256;repout.h;file;repout.h;;none;1;6;6;def;e92515ec;;14;
file;827;VSET.C;file;VSET.C;;none;1;782;106;def;d6661a1a;;file;253;longrp.h;file;longrp.h;;none;1;5;5;def;463f06bb;;9;
file;827;VSET.C;file;VSET.C;;none;1;782;106;def;d6661a1a;;file;257;offnam.h;file;offnam.h;;none;1;6;6;def;d9cc6752;;11;
file;827;VSET.C;file;VSET.C;;none;1;782;106;def;d6661a1a;;file;260;precvt.h;file;precvt.h;;none;1;13;13;def;ad0a44d5;;13;
file;827;VSET.C;file;VSET.C;;none;1;782;106;def;d6661a1a;;file;263;weltab.h;file;weltab.h;;none;1;36;36;def;4552e6f4;;3;
file;827;VSET.C;file;VSET.C;;none;1;782;106;def;d6661a1a;;file;264;precin.h;file;precin.h;;none;1;19;19;def;f8a60ff;;12;
file;827;VSET.C;file;VSET.C;;none;1;782;106;def;d6661a1a;;file;262;dcand.h;file;dcand.h;;none;1;5;5;def;fc7fe2;;8;
file;827;VSET.C;file;VSET.C;;none;1;782;106;def;d6661a1a;;file;261;office.h;file;office.h;;none;1;35;35;def;afd88735;;10;
file;827;VSET.C;file;VSET.C;;none;1;782;106;def;d6661a1a;;file;259;candnm.h;file;candnm.h;;none;1;5;5;def;df526b22;;6;
file;827;VSET.C;file;VSET.C;;none;1;782;106;def;d6661a1a;;file;258;cardrd.h;file;cardrd.h;;none;1;5;5;def;33ebe48f;;7;
file;827;VSET.C;file;VSET.C;;none;1;782;106;def;d6661a1a;;file;252;filedecl.h;file;filedecl.h;;none;1;9;9;def;3acabaac;;4;
file;827;VSET.C;file;VSET.C;;none;1;782;106;def;d6661a1a;;file;6;/c/msdev/include/stdio.h;file;/c/msdev/include/stdio.h;;none;1;532;532;def;b64df2c8;;2;
file;837;VTOT.C;file;VTOT.C;;none;1;866;164;def;642cf65f;;file;257;offnam.h;file;offnam.h;;none;1;6;6;def;d9cc6752;;11;
file;837;VTOT.C;file;VTOT.C;;none;1;866;164;def;642cf65f;;file;264;precin.h;file;precin.h;;none;1;19;19;def;f8a60ff;;13;
file;837;VTOT.C;file;VTOT.C;;none;1;866;164;def;642cf65f;;file;253;longrp.h;file;longrp.h;;none;1;5;5;def;463f06bb;;12;
file;837;VTOT.C;file;VTOT.C;;none;1;866;164;def;642cf65f;;file;263;weltab.h;file;weltab.h;;none;1;36;36;def;4552e6f4;;3;
file;837;VTOT.C;file;VTOT.C;;none;1;866;164;def;642cf65f;;file;379;cumtvt.h;file;cumtvt.h;;none;1;14;14;def;3ec484c6;;8;
file;837;VTOT.C;file;VTOT.C;;none;1;866;164;def;642cf65f;;file;262;dcand.h;file;dcand.h;;none;1;5;5;def;fc7fe2;;9;
file;837;VTOT.C;file;VTOT.C;;none;1;866;164;def;642cf65f;;file;261;office.h;file;office.h;;none;1;35;35;def;afd88735;;10;
file;837;VTOT.C;file;VTOT.C;;none;1;866;164;def;642cf65f;;file;254;unitinfo.h;file;unitinfo.h;;none;1;12;12;def;e1bc7950;;16;
file;837;VTOT.C;file;VTOT.C;;none;1;866;164;def;642cf65f;;file;259;candnm.h;file;candnm.h;;none;1;5;5;def;df526b22;;6;
file;837;VTOT.C;file;VTOT.C;;none;1;866;164;def;642cf65f;;file;256;repout.h;file;repout.h;;none;1;6;6;def;e92515ec;;15;
file;837;VTOT.C;file;VTOT.C;;none;1;866;164;def;642cf65f;;file;258;cardrd.h;file;cardrd.h;;none;1;5;5;def;33ebe48f;;7;
file;837;VTOT.C;file;VTOT.C;;none;1;866;164;def;642cf65f;;file;252;filedecl.h;file;filedecl.h;;none;1;9;9;def;3acabaac;;4;
file;837;VTOT.C;file;VTOT.C;;none;1;866;164;def;642cf65f;;file;260;precvt.h;file;precvt.h;;none;1;13;13;def;ad0a44d5;;14;
file;837;VTOT.C;file;VTOT.C;;none;1;866;164;def;642cf65f;;file;6;/c/msdev/include/stdio.h;file;/c/msdev/include/stdio.h;;none;1;532;532;def;b64df2c8;;2;
file;854;WELLIB.C;file;WELLIB.C;;none;1;1307;619;def;9df597e8;;file;857;dcand.x;file;dcand.x;;none;1;5;5;def;fb763223;;7;
file;854;WELLIB.C;file;WELLIB.C;;none;1;1307;619;def;9df597e8;;file;849;unitinfo.x;file;unitinfo.x;;none;1;12;12;def;7a2c054b;;14;
file;854;WELLIB.C;file;WELLIB.C;;none;1;1307;619;def;9df597e8;;file;851;offnam.x;file;offnam.x;;none;1;6;6;def;ec970ecc;;10;
file;854;WELLIB.C;file;WELLIB.C;;none;1;1307;619;def;9df597e8;;file;853;candnm.x;file;candnm.x;;none;1;5;5;def;4a22fa73;;5;
file;854;WELLIB.C;file;WELLIB.C;;none;1;1307;619;def;9df597e8;;file;852;cardrd.x;file;cardrd.x;;none;1;5;5;def;96313f98;;6;
file;854;WELLIB.C;file;WELLIB.C;;none;1;1307;619;def;9df597e8;;file;858;weltab.x;file;weltab.x;;none;1;36;36;def;fb4d834b;;2;
file;854;WELLIB.C;file;WELLIB.C;;none;1;1307;619;def;9df597e8;;file;850;repout.x;file;repout.x;;none;1;6;6;def;6086e00d;;13;
file;854;WELLIB.C;file;WELLIB.C;;none;1;1307;619;def;9df597e8;;file;6;/c/msdev/include/stdio.h;file;/c/msdev/include/stdio.h;;none;1;532;532;def;b64df2c8;;1;
file;854;WELLIB.C;file;WELLIB.C;;none;1;1307;619;def;9df597e8;;file;855;office.x;file;office.x;;none;1;35;35;def;e0e10a39;;9;
file;854;WELLIB.C;file;WELLIB.C;;none;1;1307;619;def;9df597e8;;file;856;precvt.x;file;precvt.x;;none;1;13;13;def;36b609c6;;12;
file;854;WELLIB.C;file;WELLIB.C;;none;1;1307;619;def;9df597e8;;file;859;precin.x;file;precin.x;;none;1;19;19;def;6fb63c01;;11;
file;854;WELLIB.C;file;WELLIB.C;;none;1;1307;619;def;9df597e8;;file;848;filedecl.x;file;filedecl.x;;none;1;9;9;def;96dd8a41;;3;
file;854;WELLIB.C;file;WELLIB.C;;none;1;1307;619;def;9df597e8;;file;847;longrp.x;file;longrp.x;;none;1;5;5;def;3da5c8c2;;8;
file;993;XFIX.C;file;XFIX.C;;none;1;1203;515;def;85aee60c;;file;256;repout.h;file;repout.h;;none;1;6;6;def;e92515ec;;14;
file;993;XFIX.C;file;XFIX.C;;none;1;1203;515;def;85aee60c;;file;253;longrp.h;file;longrp.h;;none;1;5;5;def;463f06bb;;9;
file;993;XFIX.C;file;XFIX.C;;none;1;1203;515;def;85aee60c;;file;257;offnam.h;file;offnam.h;;none;1;6;6;def;d9cc6752;;11;
file;993;XFIX.C;file;XFIX.C;;none;1;1203;515;def;85aee60c;;file;260;precvt.h;file;precvt.h;;none;1;13;13;def;ad0a44d5;;13;
file;993;XFIX.C;file;XFIX.C;;none;1;1203;515;def;85aee60c;;file;263;weltab.h;file;weltab.h;;none;1;36;36;def;4552e6f4;;3;
file;993;XFIX.C;file;XFIX.C;;none;1;1203;515;def;85aee60c;;file;264;precin.h;file;precin.h;;none;1;19;19;def;f8a60ff;;12;
file;993;XFIX.C;file;XFIX.C;;none;1;1203;515;def;85aee60c;;file;262;dcand.h;file;dcand.h;;none;1;5;5;def;fc7fe2;;8;
file;993;XFIX.C;file;XFIX.C;;none;1;1203;515;def;85aee60c;;file;254;unitinfo.h;file;unitinfo.h;;none;1;12;12;def;e1bc7950;;15;
file;993;XFIX.C;file;XFIX.C;;none;1;1203;515;def;85aee60c;;file;261;office.h;file;office.h;;none;1;35;35;def;afd88735;;10;
file;993;XFIX.C;file;XFIX.C;;none;1;1203;515;def;85aee60c;;file;259;candnm.h;file;candnm.h;;none;1;5;5;def;df526b22;;6;
file;993;XFIX.C;file;XFIX.C;;none;1;1203;515;def;85aee60c;;file;258;cardrd.h;file;cardrd.h;;none;1;5;5;def;33ebe48f;;7;
file;993;XFIX.C;file;XFIX.C;;none;1;1203;515;def;85aee60c;;file;252;filedecl.h;file;filedecl.h;;none;1;9;9;def;3acabaac;;4;
file;993;XFIX.C;file;XFIX.C;;none;1;1203;515;def;85aee60c;;file;6;/c/msdev/include/stdio.h;file;/c/msdev/include/stdio.h;;none;1;532;532;def;b64df2c8;;2;
